<?xml version="1.0" encoding="UTF-8"?>
<!-- Generated by org.testng.reporters.JUnitReportReporter -->
<testsuite hostname="DESKTOP-K7FOI5C" failures="0" tests="3" name="Runner.CucumberRunnerTests" time="94.168" errors="0" timestamp="2023-03-16T15:36:19 IST" skipped="0">
  <testcase classname="Runner.CucumberRunnerTests" name="runScenario" time="29.811"/>
  <system-out/>
  <testcase classname="Runner.CucumberRunnerTests" name="runScenario" time="32.621"/>
  <system-out/>
  <testcase classname="Runner.CucumberRunnerTests" name="runScenario" time="31.736"/>
  <system-out/>
</testsuite> <!-- Runner.CucumberRunnerTests -->
